<?xml version="1.0" encoding="UTF-8"?>
<Site BuildName="(empty)"
	BuildStamp="20240713-0954-Experimental"
	Name="tehelka-ubuntu"
	Generator="ctest-3.22.1"
	CompilerName="/usr/bin/c++"
	CompilerVersion="11.4.0"
	OSName="Linux"
	Hostname="tehelka-ubuntu"
	OSRelease="6.5.0-41-generic"
	OSVersion="#41~22.04.2-Ubuntu SMP PREEMPT_DYNAMIC Mon Jun  3 11:32:55 UTC 2"
	OSPlatform="x86_64"
	Is64Bits="1"
	VendorString="AuthenticAMD"
	VendorID="Advanced Micro Devices"
	FamilyID="23"
	ModelID="96"
	ProcessorCacheSize="512"
	NumberOfLogicalCPU="12"
	NumberOfPhysicalCPU="6"
	TotalVirtualMemory="0"
	TotalPhysicalMemory="23381"
	LogicalProcessorsPerPhysical="2"
	ProcessorClockFrequency="3982.58"
	>
	<Testing>
		<StartDateTime>Jul 13 15:29 IST</StartDateTime>
		<StartTestTime>1720864745</StartTestTime>
		<TestList/>
		<EndDateTime>Jul 13 15:29 IST</EndDateTime>
		<EndTestTime>1720864745</EndTestTime>
		<ElapsedMinutes>0</ElapsedMinutes>
	</Testing>
</Site>
